<?xml version="1.0" encoding="UTF-8"?>
<!-- Generated by org.testng.reporters.JUnitXMLReporter -->
<testsuite hostname="LAPTOP" ignored="0" name="Command line test" tests="14" failures="0" timestamp="06 серп. 2018 11:14:21 GMT" time="4.465" errors="0">
  <testcase name="testSaveField" time="0.334" classname="com.javatest.app.FieldDAOTest"/>
  <testcase name="testSaveOption" time="0.517" classname="com.javatest.app.FieldDAOTest"/>
  <testcase name="testUpdateField" time="0.33" classname="com.javatest.app.FieldDAOTest"/>
  <testcase name="testUpdateOption" time="0.33" classname="com.javatest.app.FieldDAOTest"/>
  <testcase name="testDeleteField" time="0.35" classname="com.javatest.app.FieldDAOTest"/>
  <testcase name="testSaveProfile" time="0.356" classname="com.javatest.app.ProfileDAOTest"/>
  <testcase name="testNoUpdatePrassword" time="0.478" classname="com.javatest.app.ProfileDAOTest"/>
  <testcase name="testUpdatePrassword" time="0.294" classname="com.javatest.app.ProfileDAOTest"/>
  <testcase name="testUpdateProfile" time="0.166" classname="com.javatest.app.ProfileDAOTest"/>
  <testcase name="testDeleteProfile" time="0.165" classname="com.javatest.app.ProfileDAOTest"/>
  <testcase name="testSaveField" time="0.167" classname="com.javatest.app.ResponseDAOTest"/>
  <testcase name="testSaveResponse" time="0.514" classname="com.javatest.app.ResponseDAOTest"/>
  <testcase name="testDeleteResponse" time="0.246" classname="com.javatest.app.ResponseDAOTest"/>
  <testcase name="testDeleteField" time="0.167" classname="com.javatest.app.ResponseDAOTest"/>
</testsuite> <!-- Command line test -->
