<?xml version="1.0" encoding="UTF-8"?>
<testng-results skipped="0" failed="1" ignored="0" total="7" passed="6">
  <reporter-output>
  </reporter-output>
  <suite name="Command line suite" duration-ms="3709" started-at="2018-08-03T11:11:26Z" finished-at="2018-08-03T11:11:30Z">
    <groups>
    </groups>
    <test name="Command line test" duration-ms="3709" started-at="2018-08-03T11:11:26Z" finished-at="2018-08-03T11:11:30Z">
      <class name="com.javatest.app.FieldDAOTest">
        <test-method status="PASS" signature="testSaveField()[pri:0, instance:com.javatest.app.FieldDAOTest@6137cf6e]" name="testSaveField" duration-ms="348" started-at="2018-08-03T11:11:26Z" finished-at="2018-08-03T11:11:27Z">
          <reporter-output>
          </reporter-output>
        </test-method> <!-- testSaveField -->
        <test-method status="PASS" signature="testSaveOption()[pri:0, instance:com.javatest.app.FieldDAOTest@6137cf6e]" name="testSaveOption" duration-ms="985" started-at="2018-08-03T11:11:27Z" depends-on-methods="com.javatest.app.FieldDAOTest.testSaveField" finished-at="2018-08-03T11:11:28Z">
          <reporter-output>
          </reporter-output>
        </test-method> <!-- testSaveOption -->
        <test-method status="PASS" signature="testUpdateField()[pri:0, instance:com.javatest.app.FieldDAOTest@6137cf6e]" name="testUpdateField" duration-ms="641" started-at="2018-08-03T11:11:28Z" depends-on-methods="com.javatest.app.FieldDAOTest.testSaveField" finished-at="2018-08-03T11:11:28Z">
          <reporter-output>
          </reporter-output>
        </test-method> <!-- testUpdateField -->
        <test-method status="PASS" signature="testUpdateOption()[pri:0, instance:com.javatest.app.FieldDAOTest@6137cf6e]" name="testUpdateOption" duration-ms="557" started-at="2018-08-03T11:11:28Z" depends-on-methods="com.javatest.app.FieldDAOTest.testSaveOption" finished-at="2018-08-03T11:11:29Z">
          <reporter-output>
          </reporter-output>
        </test-method> <!-- testUpdateOption -->
        <test-method status="PASS" signature="testDeleteOption()[pri:0, instance:com.javatest.app.FieldDAOTest@6137cf6e]" name="testDeleteOption" duration-ms="719" started-at="2018-08-03T11:11:29Z" depends-on-methods="com.javatest.app.FieldDAOTest.testUpdateOption" finished-at="2018-08-03T11:11:30Z">
          <reporter-output>
          </reporter-output>
        </test-method> <!-- testDeleteOption -->
        <test-method status="PASS" signature="testDeleteField()[pri:0, instance:com.javatest.app.FieldDAOTest@6137cf6e]" name="testDeleteField" duration-ms="416" started-at="2018-08-03T11:11:30Z" depends-on-methods="com.javatest.app.FieldDAOTest.testDeleteOption" finished-at="2018-08-03T11:11:30Z">
          <reporter-output>
          </reporter-output>
        </test-method> <!-- testDeleteField -->
      </class> <!-- com.javatest.app.FieldDAOTest -->
      <class name="com.javatest.app.LoginDAOTest">
        <test-method status="FAIL" signature="testValidate()[pri:0, instance:com.javatest.app.LoginDAOTest@7942a854]" name="testValidate" duration-ms="6" started-at="2018-08-03T11:11:30Z" finished-at="2018-08-03T11:11:30Z">
          <exception class="java.lang.NullPointerException">
            <full-stacktrace>
              <![CDATA[java.lang.NullPointerException
at com.javatest.app.dao.LoginDAO.validate(LoginDAO.java:32)
at com.javatest.app.LoginDAOTest.testValidate(LoginDAOTest.java:13)
at sun.reflect.NativeMethodAccessorImpl.invoke0(Native Method)
at sun.reflect.NativeMethodAccessorImpl.invoke(NativeMethodAccessorImpl.java:62)
at sun.reflect.DelegatingMethodAccessorImpl.invoke(DelegatingMethodAccessorImpl.java:43)
at java.lang.reflect.Method.invoke(Method.java:498)
at org.testng.internal.MethodInvocationHelper.invokeMethod(MethodInvocationHelper.java:124)
at org.testng.internal.Invoker.invokeMethod(Invoker.java:583)
at org.testng.internal.Invoker.invokeTestMethod(Invoker.java:719)
at org.testng.internal.Invoker.invokeTestMethods(Invoker.java:989)
at org.testng.internal.TestMethodWorker.invokeTestMethods(TestMethodWorker.java:125)
at org.testng.internal.TestMethodWorker.run(TestMethodWorker.java:109)
at org.testng.TestRunner.privateRun(TestRunner.java:648)
at org.testng.TestRunner.run(TestRunner.java:505)
at org.testng.SuiteRunner.runTest(SuiteRunner.java:455)
at org.testng.SuiteRunner.runSequentially(SuiteRunner.java:450)
at org.testng.SuiteRunner.privateRun(SuiteRunner.java:415)
at org.testng.SuiteRunner.run(SuiteRunner.java:364)
at org.testng.SuiteRunnerWorker.runSuite(SuiteRunnerWorker.java:52)
at org.testng.SuiteRunnerWorker.run(SuiteRunnerWorker.java:84)
at org.testng.TestNG.runSuitesSequentially(TestNG.java:1208)
at org.testng.TestNG.runSuitesLocally(TestNG.java:1137)
at org.testng.TestNG.runSuites(TestNG.java:1049)
at org.testng.TestNG.run(TestNG.java:1017)
at org.apache.maven.surefire.testng.TestNGExecutor.run(TestNGExecutor.java:77)
at org.apache.maven.surefire.testng.TestNGDirectoryTestSuite.executeMulti(TestNGDirectoryTestSuite.java:159)
at org.apache.maven.surefire.testng.TestNGDirectoryTestSuite.execute(TestNGDirectoryTestSuite.java:99)
at org.apache.maven.surefire.testng.TestNGProvider.invoke(TestNGProvider.java:106)
at sun.reflect.NativeMethodAccessorImpl.invoke0(Native Method)
at sun.reflect.NativeMethodAccessorImpl.invoke(NativeMethodAccessorImpl.java:62)
at sun.reflect.DelegatingMethodAccessorImpl.invoke(DelegatingMethodAccessorImpl.java:43)
at java.lang.reflect.Method.invoke(Method.java:498)
at org.apache.maven.surefire.util.ReflectionUtils.invokeMethodWithArray(ReflectionUtils.java:189)
at org.apache.maven.surefire.booter.ProviderFactory$ProviderProxy.invoke(ProviderFactory.java:165)
at org.apache.maven.surefire.booter.ProviderFactory.invokeProvider(ProviderFactory.java:85)
at org.apache.maven.surefire.booter.ForkedBooter.runSuitesInProcess(ForkedBooter.java:115)
at org.apache.maven.surefire.booter.ForkedBooter.main(ForkedBooter.java:75)
]]>
            </full-stacktrace>
          </exception> <!-- java.lang.NullPointerException -->
          <reporter-output>
          </reporter-output>
        </test-method> <!-- testValidate -->
      </class> <!-- com.javatest.app.LoginDAOTest -->
    </test> <!-- Command line test -->
  </suite> <!-- Command line suite -->
</testng-results>
