<?xml version="1.0" encoding="UTF-8"?>
<!-- Generated by org.testng.reporters.JUnitXMLReporter -->
<testsuite hostname="LAPTOP" ignored="0" name="Command line test" tests="7" failures="1" timestamp="03 серп. 2018 11:11:30 GMT" time="3.709" errors="0">
  <testcase name="testSaveField" time="0.348" classname="com.javatest.app.FieldDAOTest"/>
  <testcase name="testSaveOption" time="0.985" classname="com.javatest.app.FieldDAOTest"/>
  <testcase name="testUpdateField" time="0.641" classname="com.javatest.app.FieldDAOTest"/>
  <testcase name="testUpdateOption" time="0.557" classname="com.javatest.app.FieldDAOTest"/>
  <testcase name="testDeleteOption" time="0.719" classname="com.javatest.app.FieldDAOTest"/>
  <testcase name="testDeleteField" time="0.416" classname="com.javatest.app.FieldDAOTest"/>
  <testcase name="testValidate" time="0.006" classname="com.javatest.app.LoginDAOTest">
    <failure type="java.lang.NullPointerException">
      <![CDATA[java.lang.NullPointerException
at com.javatest.app.dao.LoginDAO.validate(LoginDAO.java:32)
at com.javatest.app.LoginDAOTest.testValidate(LoginDAOTest.java:13)
... Removed 35 stack frames]]>
    </failure>
  </testcase> <!-- testValidate -->
</testsuite> <!-- Command line test -->
