<?xml version="1.0" encoding="UTF-8"?>
<testng-results skipped="0" failed="0" ignored="0" total="0" passed="0">
  <reporter-output>
  </reporter-output>
  <suite name="com.javatest.app.AppTest" duration-ms="8" started-at="2018-08-02T13:02:40Z" finished-at="2018-08-02T13:02:40Z">
    <groups>
    </groups>
    <test name="Command line test" duration-ms="8" started-at="2018-08-02T13:02:40Z" finished-at="2018-08-02T13:02:40Z">
    </test> <!-- Command line test -->
  </suite> <!-- com.javatest.app.AppTest -->
</testng-results>
